----------

Tue May 15 2018 20:33:16 GMT+0100 (BST)

fatal: Not a git repository (or any of the parent directories): .git


----------

Tue May 15 2018 20:33:16 GMT+0100 (BST)

fatal: Not a git repository (or any of the parent directories): .git


----------

Tue May 15 2018 20:33:16 GMT+0100 (BST)

fatal: Not a git repository (or any of the parent directories): .git


----------

Tue May 15 2018 20:34:03 GMT+0100 (BST)

fatal: Not a git repository (or any of the parent directories): .git


----------

Tue May 15 2018 20:34:03 GMT+0100 (BST)

fatal: Not a git repository (or any of the parent directories): .git


----------

Tue May 15 2018 20:34:03 GMT+0100 (BST)

fatal: Not a git repository (or any of the parent directories): .git


----------

Tue May 15 2018 20:34:10 GMT+0100 (BST)

fatal: Not a git repository (or any of the parent directories): .git


----------

Tue May 15 2018 20:34:10 GMT+0100 (BST)

fatal: Not a git repository (or any of the parent directories): .git


----------

Tue May 15 2018 20:34:10 GMT+0100 (BST)

fatal: Not a git repository (or any of the parent directories): .git


----------

Tue May 15 2018 20:34:48 GMT+0100 (BST)

fatal: Not a git repository (or any of the parent directories): .git


----------

Tue May 15 2018 20:34:48 GMT+0100 (BST)

fatal: Not a git repository (or any of the parent directories): .git


----------

Tue May 15 2018 20:34:48 GMT+0100 (BST)

fatal: Not a git repository (or any of the parent directories): .git


----------

Tue May 15 2018 20:37:53 GMT+0100 (BST)

fatal: Not a git repository (or any of the parent directories): .git


----------

Tue May 15 2018 20:37:53 GMT+0100 (BST)

fatal: Not a git repository (or any of the parent directories): .git


----------

Tue May 15 2018 20:37:53 GMT+0100 (BST)

fatal: Not a git repository (or any of the parent directories): .git


----------

Tue May 15 2018 20:39:41 GMT+0100 (BST)

fatal: Not a git repository (or any of the parent directories): .git


----------

Tue May 15 2018 20:39:41 GMT+0100 (BST)

fatal: Not a git repository (or any of the parent directories): .git


----------

Tue May 15 2018 20:39:41 GMT+0100 (BST)

fatal: Not a git repository (or any of the parent directories): .git


----------

Tue May 15 2018 20:41:44 GMT+0100 (BST)

fatal: Not a git repository (or any of the parent directories): .git


----------

Tue May 15 2018 20:41:44 GMT+0100 (BST)

fatal: Not a git repository (or any of the parent directories): .git


----------

Tue May 15 2018 20:41:44 GMT+0100 (BST)

fatal: Not a git repository (or any of the parent directories): .git


----------

Tue May 15 2018 20:42:48 GMT+0100 (BST)

To https://github.com/gpender/gpender.github.io.git
   155a2b6..161e4e9  master -> master


----------

Tue May 15 2018 20:43:48 GMT+0100 (BST)

To https://github.com/gpender/gpender.github.io.git
   161e4e9..3ee8f47  master -> master


